<?xml version="1.0" encoding="UTF-8"?>
<!-- Generated by org.testng.reporters.JUnitXMLReporter -->
<testsuite hostname="DESKTOP-9GU8BET" ignored="0" name="Test" tests="4" failures="0" timestamp="2020-11-15T11:05:13 BDT" time="1.507" errors="0">
  <testcase name="@BeforeClass setup" time="0.381" classname="com.testcases.sohoz.BaseClass">
    <failure type="java.lang.IllegalStateException" message="The driver executable does not exist: C:\Users\88016\eclipse-workspace\SohozETicket\.\drivers\geckodriver.exe">
      <![CDATA[java.lang.IllegalStateException: The driver executable does not exist: C:\Users\88016\eclipse-workspace\SohozETicket\.\drivers\geckodriver.exe
at com.google.common.base.Preconditions.checkState(Preconditions.java:589)
at org.openqa.selenium.remote.service.DriverService.checkExecutable(DriverService.java:154)
at org.openqa.selenium.remote.service.DriverService.findExecutable(DriverService.java:149)
at org.openqa.selenium.firefox.GeckoDriverService.access$100(GeckoDriverService.java:42)
at org.openqa.selenium.firefox.GeckoDriverService$Builder.findDefaultExecutable(GeckoDriverService.java:183)
at org.openqa.selenium.remote.service.DriverService$Builder.build(DriverService.java:389)
at org.openqa.selenium.firefox.FirefoxDriver.toExecutor(FirefoxDriver.java:186)
at org.openqa.selenium.firefox.FirefoxDriver.<init>(FirefoxDriver.java:156)
at org.openqa.selenium.firefox.FirefoxDriver.<init>(FirefoxDriver.java:134)
at com.testcases.sohoz.BaseClass.setup(BaseClass.java:36)
at java.util.ArrayList.forEach(ArrayList.java:1249)
... Removed 25 stack frames]]>
    </failure>
  </testcase> <!-- @BeforeClass setup -->
  <testcase name="@AfterClass teardown" time="-1.605416713811E9" classname="com.testcases.sohoz.BaseClass">
    <skipped/>
  </testcase> <!-- @AfterClass teardown -->
  <testcase name="searchDDT" time="0.0" classname="com.testcases.sohoz.TC_SearchDDT_002">
    <skipped/>
  </testcase> <!-- searchDDT -->
  <testcase name="searchDDT" time="0.0" classname="com.testcases.sohoz.TC_SearchDDT_002">
    <skipped/>
  </testcase> <!-- searchDDT -->
  <testcase name="searchDDT" time="0.0" classname="com.testcases.sohoz.TC_SearchDDT_002">
    <skipped/>
  </testcase> <!-- searchDDT -->
  <testcase name="searchDDT" time="0.0" classname="com.testcases.sohoz.TC_SearchDDT_002">
    <skipped/>
  </testcase> <!-- searchDDT -->
</testsuite> <!-- Test -->
